<?xml version="1.0" encoding="UTF-8"?>
<testsuite name="com.cg.moodanalyser.MoodAnalyserTest" tests="1" skipped="0" failures="0" errors="0" timestamp="2020-10-08T16:53:10" hostname="AVINASH" time="0.004">
  <properties/>
  <testcase name="returnsHappy_whenmessage_NotContainsSad" classname="com.cg.moodanalyser.MoodAnalyserTest" time="0.004"/>
  <system-out><![CDATA[]]></system-out>
  <system-err><![CDATA[]]></system-err>
</testsuite>
