<?xml version="1.0" encoding="UTF-8"?>
<testsuite name="com.cg.moodanalyser.MoodAnalyserTest" tests="4" skipped="0" failures="0" errors="0" timestamp="2020-10-08T19:19:34" hostname="AVINASH" time="0.02">
  <properties/>
  <testcase name="returnsSAD_whenmessage_ContainsSad" classname="com.cg.moodanalyser.MoodAnalyserTest" time="0.003"/>
  <testcase name="retrunsWarning_whenmessage_isEmpty" classname="com.cg.moodanalyser.MoodAnalyserTest" time="0.001"/>
  <testcase name="returnsHappy_whenmessage_NotContainsSad" classname="com.cg.moodanalyser.MoodAnalyserTest" time="0.001"/>
  <testcase name="retrunsWarning_whenmessage_isNull" classname="com.cg.moodanalyser.MoodAnalyserTest" time="0.004"/>
  <system-out><![CDATA[]]></system-out>
  <system-err><![CDATA[]]></system-err>
</testsuite>
