<?xml version="1.0" encoding="UTF-8"?>
<testsuite name="com.cg.moodanalyser.MoodAnalyserTest" tests="1" skipped="0" failures="0" errors="0" timestamp="2020-10-08T13:12:58" hostname="AVINASH" time="0.004">
  <properties/>
  <testcase name="returnsSAD_whenmessage_ContainsSad" classname="com.cg.moodanalyser.MoodAnalyserTest" time="0.004"/>
  <system-out><![CDATA[]]></system-out>
  <system-err><![CDATA[]]></system-err>
</testsuite>
