<?xml version="1.0" encoding="UTF-8"?>
<testsuite name="com.cg.moodanalyser.MoodAnalyserTest" tests="1" skipped="0" failures="0" errors="0" timestamp="2020-10-08T09:33:40" hostname="AVINASH" time="0.003">
  <properties/>
  <testcase name="returnsHappy_whenmessage_NotContainsSad" classname="com.cg.moodanalyser.MoodAnalyserTest" time="0.003"/>
  <system-out><![CDATA[]]></system-out>
  <system-err><![CDATA[]]></system-err>
</testsuite>
